<?xml version="1.0" encoding="UTF-8"?>
<!-- Generated by org.testng.reporters.JUnitXMLReporter -->
<testsuite hostname="FX-JSJ800" name="Default test" tests="3" failures="0" timestamp="10 May 2016 05:27:54 GMT" time="0.359" errors="0">
  <testcase name="testNewsAll" time="0.297" classname="com.zhou.posidonautotest.vplay.NewsRetrieval"/>
  <testcase name="testNewsDomestic" time="0.029" classname="com.zhou.posidonautotest.vplay.NewsRetrieval"/>
  <testcase name="testNewsFilters" time="0.023" classname="com.zhou.posidonautotest.vplay.NewsRetrieval"/>
</testsuite> <!-- Default test -->
