<?xml version="1.0" encoding="UTF-8"?>
<testsuite hostname="FX-JSJ800" name="com.zhou.posidonautotest.navigation.MplayNavigation" tests="26" failures="0" timestamp="14 Mar 2016 04:50:05 GMT" time="1.153" errors="0">
  <testcase name="testMediaSearch" time="0.077" classname="com.zhou.posidonautotest.navigation.Search"/>
  <testcase name="testVideoSearch" time="0.068" classname="com.zhou.posidonautotest.navigation.Search"/>
  <testcase name="testAnimalComicsNavigation" time="0.032" classname="com.zhou.posidonautotest.navigation.MplayNavigation"/>
  <testcase name="testFilmNavigation" time="0.031" classname="com.zhou.posidonautotest.navigation.MplayNavigation"/>
  <testcase name="testMicrofilmNavigation" time="0.061" classname="com.zhou.posidonautotest.navigation.MplayNavigation"/>
  <testcase name="testRecommentNavigation" time="0.037" classname="com.zhou.posidonautotest.navigation.MplayNavigation"/>
  <testcase name="testTVSeriesNavigation" time="0.029" classname="com.zhou.posidonautotest.navigation.MplayNavigation"/>
  <testcase name="testVarietyShowNavigation" time="0.072" classname="com.zhou.posidonautotest.navigation.MplayNavigation"/>
  <testcase name="testVideoLibraryNavigation" time="0.024" classname="com.zhou.posidonautotest.navigation.MplayNavigation"/>
  <testcase name="testCarNavigation" time="0.061" classname="com.zhou.posidonautotest.navigation.VplayNavigation"/>
  <testcase name="testEPLNavigation" time="0.044" classname="com.zhou.posidonautotest.navigation.VplayNavigation"/>
  <testcase name="testEntertainmentNavigation" time="0.029" classname="com.zhou.posidonautotest.navigation.VplayNavigation"/>
  <testcase name="testFashionNavigation" time="0.027" classname="com.zhou.posidonautotest.navigation.VplayNavigation"/>
  <testcase name="testFunnyNavigation" time="0.059" classname="com.zhou.posidonautotest.navigation.VplayNavigation"/>
  <testcase name="testGuessYouLikeNavigation" time="0.024" classname="com.zhou.posidonautotest.navigation.VplayNavigation"/>
  <testcase name="testHotspotNavigation" time="0.044" classname="com.zhou.posidonautotest.navigation.VplayNavigation"/>
  <testcase name="testLifeNavigation" time="0.051" classname="com.zhou.posidonautotest.navigation.VplayNavigation"/>
  <testcase name="testNewsNavigation" time="0.026" classname="com.zhou.posidonautotest.navigation.VplayNavigation"/>
  <testcase name="testScienceNavigation" time="0.044" classname="com.zhou.posidonautotest.navigation.VplayNavigation"/>
  <testcase name="testSquaredanceNavigation" time="0.049" classname="com.zhou.posidonautotest.navigation.VplayNavigation"/>
  <testcase name="testTourismNavigation" time="0.054" classname="com.zhou.posidonautotest.navigation.VplayNavigation"/>
  <testcase name="testVideoNumberNavigation" time="0.029" classname="com.zhou.posidonautotest.navigation.VplayNavigation"/>
  <testcase name="testfightingNavigation" time="0.045" classname="com.zhou.posidonautotest.navigation.VplayNavigation"/>
  <testcase name="testgameNavigation" time="0.026" classname="com.zhou.posidonautotest.navigation.VplayNavigation"/>
  <testcase name="testmilitaryNavigation" time="0.048" classname="com.zhou.posidonautotest.navigation.VplayNavigation"/>
  <testcase name="testsportsNavigation" time="0.058" classname="com.zhou.posidonautotest.navigation.VplayNavigation"/>
</testsuite>
